<?xml version="1.0" encoding="UTF-8"?>
<testng-results ignored="0" total="3" passed="3" failed="0" skipped="0">
  <reporter-output>
  </reporter-output>
  <suite started-at="2022-12-31T16:13:59 EST" name="Default suite" finished-at="2022-12-31T16:13:59 EST" duration-ms="45">
    <groups>
    </groups>
    <test started-at="2022-12-31T16:13:59 EST" name="Default test" finished-at="2022-12-31T16:13:59 EST" duration-ms="45">
      <class name="differentTypesOfAnnotations.SecondClass">
        <test-method is-config="true" signature="login()[pri:0, instance:differentTypesOfAnnotations.SecondClass@5e0826e7]" started-at="2022-12-31T16:13:59 EST" name="login" finished-at="2022-12-31T16:13:59 EST" duration-ms="7" status="PASS">
          <reporter-output>
          </reporter-output>
        </test-method> <!-- login -->
        <test-method signature="TC_002()[pri:0, instance:differentTypesOfAnnotations.SecondClass@5e0826e7]" started-at="2022-12-31T16:13:59 EST" name="TC_002" finished-at="2022-12-31T16:13:59 EST" duration-ms="5" status="PASS">
          <reporter-output>
          </reporter-output>
        </test-method> <!-- TC_002 -->
        <test-method is-config="true" signature="logout()[pri:0, instance:differentTypesOfAnnotations.SecondClass@5e0826e7]" started-at="2022-12-31T16:13:59 EST" name="logout" finished-at="2022-12-31T16:13:59 EST" duration-ms="1" status="PASS">
          <reporter-output>
          </reporter-output>
        </test-method> <!-- logout -->
      </class> <!-- differentTypesOfAnnotations.SecondClass -->
      <class name="differentTypesOfAnnotations.BeforeAndAfterClass">
        <test-method is-config="true" signature="login()[pri:0, instance:differentTypesOfAnnotations.BeforeAndAfterClass@47af7f3d]" started-at="2022-12-31T16:13:59 EST" name="login" finished-at="2022-12-31T16:13:59 EST" duration-ms="0" status="PASS">
          <reporter-output>
          </reporter-output>
        </test-method> <!-- login -->
        <test-method signature="TC_001()[pri:0, instance:differentTypesOfAnnotations.BeforeAndAfterClass@47af7f3d]" started-at="2022-12-31T16:13:59 EST" name="TC_001" finished-at="2022-12-31T16:13:59 EST" duration-ms="1" status="PASS">
          <reporter-output>
          </reporter-output>
        </test-method> <!-- TC_001 -->
        <test-method signature="TC_003()[pri:0, instance:differentTypesOfAnnotations.BeforeAndAfterClass@47af7f3d]" started-at="2022-12-31T16:13:59 EST" name="TC_003" finished-at="2022-12-31T16:13:59 EST" duration-ms="1" status="PASS">
          <reporter-output>
          </reporter-output>
        </test-method> <!-- TC_003 -->
        <test-method is-config="true" signature="logout()[pri:0, instance:differentTypesOfAnnotations.BeforeAndAfterClass@47af7f3d]" started-at="2022-12-31T16:13:59 EST" name="logout" finished-at="2022-12-31T16:13:59 EST" duration-ms="0" status="PASS">
          <reporter-output>
          </reporter-output>
        </test-method> <!-- logout -->
      </class> <!-- differentTypesOfAnnotations.BeforeAndAfterClass -->
    </test> <!-- Default test -->
  </suite> <!-- Default suite -->
</testng-results>
