<?xml version="1.0" encoding="UTF-8"?>
<testng-results total="1" passed="1" failed="0" skipped="0">
  <reporter-output>
  </reporter-output>
  <suite started-at="2023-01-01T00:08:47Z" name="Default suite" finished-at="2023-01-01T00:08:55Z" duration-ms="7805">
    <groups>
    </groups>
    <test started-at="2023-01-01T00:08:47Z" name="Default test" finished-at="2023-01-01T00:08:55Z" duration-ms="7805">
      <class name="com.unitech.psptech.testCases.HomePage_TS_001">
        <test-method is-config="true" signature="setUp()[pri:0, instance:com.unitech.psptech.testCases.HomePage_TS_001@172b013]" started-at="2022-12-31T19:08:47Z" name="setUp" finished-at="2022-12-31T19:08:54Z" duration-ms="7243" status="PASS">
          <reporter-output>
          </reporter-output>
        </test-method> <!-- setUp -->
        <test-method signature="TC_001_ClickHeaderHomeButton()[pri:0, instance:com.unitech.psptech.testCases.HomePage_TS_001@172b013]" started-at="2022-12-31T19:08:54Z" name="TC_001_ClickHeaderHomeButton" finished-at="2022-12-31T19:08:55Z" duration-ms="550" status="PASS">
          <reporter-output>
          </reporter-output>
        </test-method> <!-- TC_001_ClickHeaderHomeButton -->
        <test-method is-config="true" signature="tearDown()[pri:0, instance:com.unitech.psptech.testCases.HomePage_TS_001@172b013]" started-at="2022-12-31T19:08:55Z" name="tearDown" finished-at="2022-12-31T19:08:55Z" duration-ms="1" status="PASS">
          <reporter-output>
          </reporter-output>
        </test-method> <!-- tearDown -->
      </class> <!-- com.unitech.psptech.testCases.HomePage_TS_001 -->
    </test> <!-- Default test -->
  </suite> <!-- Default suite -->
</testng-results>
