<?xml version="1.0" encoding="UTF-8"?>
<testng-results total="1" passed="1" failed="0" skipped="0">
  <reporter-output>
  </reporter-output>
  <suite started-at="2023-01-02T20:27:08Z" name="Default suite" finished-at="2023-01-02T20:27:17Z" duration-ms="8942">
    <groups>
    </groups>
    <test started-at="2023-01-02T20:27:08Z" name="Default test" finished-at="2023-01-02T20:27:17Z" duration-ms="8942">
      <class name="com.unitech.psptech.testCases.HomePage_TS_001">
        <test-method is-config="true" signature="setUp()[pri:0, instance:com.unitech.psptech.testCases.HomePage_TS_001@36cda2c2]" started-at="2023-01-02T15:27:08Z" name="setUp" finished-at="2023-01-02T15:27:17Z" duration-ms="8374" status="PASS">
          <reporter-output>
          </reporter-output>
        </test-method> <!-- setUp -->
        <test-method signature="TC_001_ClickHeaderHomeButton()[pri:0, instance:com.unitech.psptech.testCases.HomePage_TS_001@36cda2c2]" started-at="2023-01-02T15:27:17Z" name="TC_001_ClickHeaderHomeButton" finished-at="2023-01-02T15:27:17Z" duration-ms="553" status="PASS">
          <reporter-output>
          </reporter-output>
        </test-method> <!-- TC_001_ClickHeaderHomeButton -->
        <test-method is-config="true" signature="tearDown()[pri:0, instance:com.unitech.psptech.testCases.HomePage_TS_001@36cda2c2]" started-at="2023-01-02T15:27:17Z" name="tearDown" finished-at="2023-01-02T15:27:17Z" duration-ms="2" status="PASS">
          <reporter-output>
          </reporter-output>
        </test-method> <!-- tearDown -->
      </class> <!-- com.unitech.psptech.testCases.HomePage_TS_001 -->
    </test> <!-- Default test -->
  </suite> <!-- Default suite -->
</testng-results>
