<?xml version="1.0" encoding="UTF-8"?>
<!-- Generated by org.testng.reporters.JUnitXMLReporter -->
<testsuite ignored="0" hostname="DESKTOP-6HPEAMJ" failures="0" tests="3" name="Default test" time="0.045" errors="0" timestamp="2022-12-31T16:13:59 EST">
  <testcase classname="differentTypesOfAnnotations.SecondClass" name="TC_002" time="0.005"/>
  <testcase classname="differentTypesOfAnnotations.BeforeAndAfterClass" name="TC_001" time="0.001"/>
  <testcase classname="differentTypesOfAnnotations.BeforeAndAfterClass" name="TC_003" time="0.001"/>
</testsuite> <!-- Default test -->
